0 info it worked if it ends with ok
1 verbose cli [ '/usr/local/bin/node',
1 verbose cli   '/usr/local/bin/npm',
1 verbose cli   'install',
1 verbose cli   'babel' ]
2 info using npm@2.15.8
3 info using node@v4.4.7
4 verbose config Skipping project config: /Users/jonathanperry/.npmrc. (matches userconfig)
5 verbose install initial load of /Users/jonathanperry/package.json
6 verbose installManyTop reading scoped package data from /Users/jonathanperry/node_modules/gulp/package.json
7 verbose installManyTop reading scoped package data from /Users/jonathanperry/node_modules/mocha/package.json
8 verbose installManyTop reading scoped package data from /Users/jonathanperry/node_modules/mongojs/package.json
9 verbose installManyTop reading scoped package data from /Users/jonathanperry/node_modules/rimraf/package.json
10 info package.json mongojs@1.0.0 No description
11 info package.json mongojs@1.0.0 No repository field.
12 info package.json mongojs@1.0.0 No README data
13 verbose readDependencies loading dependencies from /Users/jonathanperry/package.json
14 silly cache add args [ 'babel', null ]
15 verbose cache add spec babel
16 silly cache add parsed spec Result {
16 silly cache add   raw: 'babel',
16 silly cache add   scope: null,
16 silly cache add   name: 'babel',
16 silly cache add   rawSpec: '',
16 silly cache add   spec: 'latest',
16 silly cache add   type: 'tag' }
17 silly addNamed babel@latest
18 verbose addNamed "latest" is being treated as a dist-tag for babel
19 info addNameTag [ 'babel', 'latest' ]
20 silly mapToRegistry name babel
21 silly mapToRegistry using default registry
22 silly mapToRegistry registry https://registry.npmjs.org/
23 silly mapToRegistry data Result {
23 silly mapToRegistry   raw: 'babel',
23 silly mapToRegistry   scope: null,
23 silly mapToRegistry   name: 'babel',
23 silly mapToRegistry   rawSpec: '',
23 silly mapToRegistry   spec: 'latest',
23 silly mapToRegistry   type: 'tag' }
24 silly mapToRegistry uri https://registry.npmjs.org/babel
25 verbose addNameTag registry:https://registry.npmjs.org/babel not in flight; fetching
26 verbose request uri https://registry.npmjs.org/babel
27 verbose request no auth needed
28 info attempt registry request try #1 at 3:20:56 PM
29 verbose request id df2578914c0a75d9
30 verbose etag W/"58b6d3b9-3c731"
31 verbose lastModified Wed, 01 Mar 2017 13:59:21 GMT
32 http request GET https://registry.npmjs.org/babel
33 http 304 https://registry.npmjs.org/babel
34 verbose headers { date: 'Fri, 03 Mar 2017 15:20:56 GMT',
34 verbose headers   via: '1.1 varnish',
34 verbose headers   'cache-control': 'max-age=300',
34 verbose headers   etag: 'W/"58b6d3b9-3c731"',
34 verbose headers   age: '140',
34 verbose headers   connection: 'keep-alive',
34 verbose headers   'x-served-by': 'cache-lcy1130-LCY',
34 verbose headers   'x-cache': 'HIT',
34 verbose headers   'x-cache-hits': '1',
34 verbose headers   'x-timer': 'S1488554456.754675,VS0,VE0',
34 verbose headers   vary: 'Accept-Encoding' }
35 silly get cb [ 304,
35 silly get   { date: 'Fri, 03 Mar 2017 15:20:56 GMT',
35 silly get     via: '1.1 varnish',
35 silly get     'cache-control': 'max-age=300',
35 silly get     etag: 'W/"58b6d3b9-3c731"',
35 silly get     age: '140',
35 silly get     connection: 'keep-alive',
35 silly get     'x-served-by': 'cache-lcy1130-LCY',
35 silly get     'x-cache': 'HIT',
35 silly get     'x-cache-hits': '1',
35 silly get     'x-timer': 'S1488554456.754675,VS0,VE0',
35 silly get     vary: 'Accept-Encoding' } ]
36 verbose etag https://registry.npmjs.org/babel from cache
37 verbose get saving babel to /Users/jonathanperry/.npm/registry.npmjs.org/babel/.cache.json
38 verbose correctMkdir /Users/jonathanperry/.npm correctMkdir not in flight; initializing
39 silly addNameTag next cb for babel with tag latest
40 silly addNamed babel@6.23.0
41 verbose addNamed "6.23.0" is a plain semver version for babel
42 silly cache afterAdd babel@6.23.0
43 verbose afterAdd /Users/jonathanperry/.npm/babel/6.23.0/package/package.json not in flight; writing
44 verbose correctMkdir /Users/jonathanperry/.npm correctMkdir not in flight; initializing
45 verbose afterAdd /Users/jonathanperry/.npm/babel/6.23.0/package/package.json written
46 silly install resolved [ { name: 'babel',
46 silly install resolved     version: '6.23.0',
46 silly install resolved     description: 'Turn ES6 code into readable vanilla ES5 with source maps',
46 silly install resolved     author: { name: 'Sebastian McKenzie', email: 'sebmck@gmail.com' },
46 silly install resolved     homepage: 'https://babeljs.io/',
46 silly install resolved     license: 'MIT',
46 silly install resolved     repository:
46 silly install resolved      { type: 'git',
46 silly install resolved        url: 'https://github.com/babel/babel/tree/master/packages/babel' },
46 silly install resolved     bin:
46 silly install resolved      { babel: './lib/cli.js',
46 silly install resolved        'babel-node': './lib/cli.js',
46 silly install resolved        'babel-external-helpers': './lib/cli.js' },
46 silly install resolved     _id: 'babel@6.23.0',
46 silly install resolved     scripts: {},
46 silly install resolved     _shasum: 'd0d1e7d803e974765beea3232d4e153c0efb90f4',
46 silly install resolved     _from: 'babel@latest',
46 silly install resolved     _npmVersion: '3.10.8',
46 silly install resolved     _nodeVersion: '6.9.1',
46 silly install resolved     _npmUser: { name: 'loganfsmyth', email: 'loganfsmyth@gmail.com' },
46 silly install resolved     dist:
46 silly install resolved      { shasum: 'd0d1e7d803e974765beea3232d4e153c0efb90f4',
46 silly install resolved        tarball: 'https://registry.npmjs.org/babel/-/babel-6.23.0.tgz' },
46 silly install resolved     maintainers: [ [Object], [Object], [Object], [Object], [Object], [Object] ],
46 silly install resolved     _npmOperationalInternal:
46 silly install resolved      { host: 'packages-18-east.internal.npmjs.com',
46 silly install resolved        tmp: 'tmp/babel-6.23.0.tgz_1487027070006_0.409561536507681' },
46 silly install resolved     directories: {},
46 silly install resolved     _resolved: 'https://registry.npmjs.org/babel/-/babel-6.23.0.tgz',
46 silly install resolved     readme: 'ERROR: No README data found!' } ]
47 info install babel@6.23.0 into /Users/jonathanperry
48 info installOne babel@6.23.0
49 verbose installOne of babel to /Users/jonathanperry not in flight; installing
50 verbose correctMkdir /Users/jonathanperry/.npm/_locks correctMkdir not in flight; initializing
51 verbose lock using /Users/jonathanperry/.npm/_locks/babel-f16c67b6de44baa3.lock for /Users/jonathanperry/node_modules/babel
52 silly install write writing babel 6.23.0 to /Users/jonathanperry/node_modules/babel
53 verbose unbuild node_modules/babel
54 silly gentlyRm /Users/jonathanperry/node_modules/babel is being purged from base /Users/jonathanperry
55 verbose gentlyRm don't care about contents; nuking /Users/jonathanperry/node_modules/babel
56 verbose tar unpack /Users/jonathanperry/.npm/babel/6.23.0/package.tgz
57 verbose tar unpacking to /Users/jonathanperry/node_modules/babel
58 silly gentlyRm /Users/jonathanperry/node_modules/babel is being purged
59 verbose gentlyRm don't care about contents; nuking /Users/jonathanperry/node_modules/babel
60 silly gunzTarPerm modes [ '755', '644' ]
61 silly gunzTarPerm extractEntry package.json
62 silly gunzTarPerm extractEntry .npmignore
63 silly gunzTarPerm extractEntry README.md
64 silly gunzTarPerm extractEntry index.js
65 silly gunzTarPerm extractEntry lib/cli.js
66 verbose write writing to /Users/jonathanperry/node_modules/babel/package.json
67 info preinstall babel@6.23.0
68 verbose readDependencies loading dependencies from /Users/jonathanperry/node_modules/babel/package.json
69 verbose readDependencies loading dependencies from /Users/jonathanperry/node_modules/babel/package.json
70 silly install resolved []
71 verbose about to build /Users/jonathanperry/node_modules/babel
72 info build /Users/jonathanperry/node_modules/babel
73 info linkStuff babel@6.23.0
74 silly linkStuff babel@6.23.0 has /Users/jonathanperry/node_modules as its parent node_modules
75 verbose linkBins babel@6.23.0
76 verbose link bins [ { babel: './lib/cli.js',
76 verbose link bins     'babel-node': './lib/cli.js',
76 verbose link bins     'babel-external-helpers': './lib/cli.js' },
76 verbose link bins   '/Users/jonathanperry/node_modules/.bin',
76 verbose link bins   false ]
77 verbose linkMans babel@6.23.0
78 verbose rebuildBundles babel@6.23.0
79 silly gentlyRm /Users/jonathanperry/node_modules/.bin/babel is being purged
80 verbose gentlyRm don't care about contents; nuking /Users/jonathanperry/node_modules/.bin/babel
81 silly gentlyRm /Users/jonathanperry/node_modules/.bin/babel-node is being purged
82 verbose gentlyRm don't care about contents; nuking /Users/jonathanperry/node_modules/.bin/babel-node
83 silly gentlyRm /Users/jonathanperry/node_modules/.bin/babel-external-helpers is being purged
84 verbose gentlyRm don't care about contents; nuking /Users/jonathanperry/node_modules/.bin/babel-external-helpers
85 verbose unlock done using /Users/jonathanperry/.npm/_locks/babel-f16c67b6de44baa3.lock for /Users/jonathanperry/node_modules/babel
86 verbose stack Error: EACCES: permission denied, symlink '../babel/lib/cli.js' -> '/Users/jonathanperry/node_modules/.bin/babel-node'
86 verbose stack     at Error (native)
87 verbose cwd /Users/jonathanperry/Documents/Visus
88 error Darwin 15.6.0
89 error argv "/usr/local/bin/node" "/usr/local/bin/npm" "install" "babel"
90 error node v4.4.7
91 error npm  v2.15.8
92 error path ../babel/lib/cli.js
93 error code EACCES
94 error errno -13
95 error syscall symlink
96 error Error: EACCES: permission denied, symlink '../babel/lib/cli.js' -> '/Users/jonathanperry/node_modules/.bin/babel-node'
96 error     at Error (native)
96 error  { [Error: EACCES: permission denied, symlink '../babel/lib/cli.js' -> '/Users/jonathanperry/node_modules/.bin/babel-node']
96 error   errno: -13,
96 error   code: 'EACCES',
96 error   syscall: 'symlink',
96 error   path: '../babel/lib/cli.js',
96 error   dest: '/Users/jonathanperry/node_modules/.bin/babel-node' }
97 error Please try running this command again as root/Administrator.
98 verbose exit [ -13, true ]
99 verbose unbuild node_modules/babel
100 info preuninstall babel@6.23.0
101 info uninstall babel@6.23.0
102 verbose unbuild rmStuff babel@6.23.0 from /Users/jonathanperry/node_modules
103 silly gentlyRm /Users/jonathanperry/node_modules/.bin/babel is being gently removed
104 silly gentlyRm verifying /Users/jonathanperry is an npm working directory
105 silly gentlyRm /Users/jonathanperry/node_modules/.bin/babel-node is being gently removed
106 silly gentlyRm verifying /Users/jonathanperry is an npm working directory
107 silly gentlyRm /Users/jonathanperry/node_modules/.bin/babel-external-helpers is being gently removed
108 silly gentlyRm verifying /Users/jonathanperry is an npm working directory
109 silly gentlyRm containing path /Users/jonathanperry is under npm's control, in /Users/jonathanperry
110 silly gentlyRm deletion target /Users/jonathanperry/node_modules/.bin/babel is under /Users/jonathanperry
111 verbose gentlyRm vacuuming from /Users/jonathanperry/node_modules/.bin/babel up to /Users/jonathanperry
112 silly gentlyRm containing path /Users/jonathanperry is under npm's control, in /Users/jonathanperry
113 silly gentlyRm deletion target /Users/jonathanperry/node_modules/.bin/babel-node is under /Users/jonathanperry
114 verbose gentlyRm vacuuming from /Users/jonathanperry/node_modules/.bin/babel-node up to /Users/jonathanperry
115 silly gentlyRm containing path /Users/jonathanperry is under npm's control, in /Users/jonathanperry
116 silly gentlyRm deletion target /Users/jonathanperry/node_modules/.bin/babel-external-helpers is under /Users/jonathanperry
117 verbose gentlyRm vacuuming from /Users/jonathanperry/node_modules/.bin/babel-external-helpers up to /Users/jonathanperry
118 info postuninstall babel@6.23.0
119 silly gentlyRm /Users/jonathanperry/node_modules/babel is being purged from base /Users/jonathanperry
120 verbose gentlyRm don't care about contents; nuking /Users/jonathanperry/node_modules/babel
121 silly vacuum-fs purging /Users/jonathanperry/node_modules/babel
122 silly vacuum-fs quitting because other entries in /Users/jonathanperry/node_modules
